<?xml version="1.0" encoding="UTF-8"?>
<!-- Generated by org.testng.reporters.JUnitReportReporter -->
<testsuite hostname="DCCPL0634" failures="0" tests="1" name="tests.TestExamples2" time="2.048" errors="0" timestamp="2024-12-06T18:20:12 IST" skipped="0">
  <testcase classname="tests.TestExamples2" name="test_2" time="2.048"/>
</testsuite> <!-- tests.TestExamples2 -->
