<?xml version="1.0" encoding="UTF-8"?>
<!-- Generated by org.testng.reporters.JUnitReportReporter -->
<testsuite hostname="DCCPL0634" failures="0" tests="1" name="tests.TestExamples" time="2.853" errors="0" timestamp="2024-12-06T15:29:44 IST" skipped="0">
  <testcase classname="tests.TestExamples" name="test_1" time="2.853"/>
</testsuite> <!-- tests.TestExamples -->
