<?xml version="1.0" encoding="UTF-8"?>
<!-- Generated by org.testng.reporters.JUnitReportReporter -->
<testsuite hostname="DCCPL0634" failures="0" tests="1" name="tests.TestsOnLocalAPI" time="1.236" errors="0" timestamp="2024-12-09T15:27:53 IST" skipped="0">
  <testcase classname="tests.TestsOnLocalAPI" name="patch" time="1.236"/>
</testsuite> <!-- tests.TestsOnLocalAPI -->
