<?xml version="1.0" encoding="UTF-8"?>
<!-- Generated by org.testng.reporters.JUnitReportReporter -->
<testsuite hostname="DCCPL0634" failures="0" tests="2" name="tests.GetAndPostExamples" time="2.438" errors="0" timestamp="2024-12-08T09:19:40 IST" skipped="0">
  <testcase classname="tests.GetAndPostExamples" name="testGet" time="2.036"/>
  <testcase classname="tests.GetAndPostExamples" name="testPost" time="0.402"/>
</testsuite> <!-- tests.GetAndPostExamples -->
