<?xml version="1.0" encoding="UTF-8"?>
<!-- Generated by org.testng.reporters.JUnitReportReporter -->
<testsuite hostname="DCCPL0634" failures="0" tests="1" name="tests.PutPatchDeleteExamples" time="1.826" errors="0" timestamp="2024-12-08T10:54:12 IST" skipped="0">
  <testcase classname="tests.PutPatchDeleteExamples" name="testDelete" time="1.826"/>
</testsuite> <!-- tests.PutPatchDeleteExamples -->
